<?xml version="1.0" encoding="UTF-8"?>
<!-- Generated by org.testng.reporters.JUnitReportReporter -->
<testsuite hostname="Saurabh-11" failures="0" tests="5" name="TestNg.keyword1_Invocationcount_3" time="0.030" errors="0" timestamp="2023-01-22T18:18:35 IST" skipped="0">
  <testcase classname="TestNg.keyword1_Invocationcount_3" name="TC1" time="0.007"/>
  <system-out>
    <![CDATA[--running test case1--]]>
  </system-out>
  <testcase classname="TestNg.keyword1_Invocationcount_3" name="TC1" time="0.014"/>
  <system-out>
    <![CDATA[--running test case1--]]>
  </system-out>
  <testcase classname="TestNg.keyword1_Invocationcount_3" name="TC1" time="0.002"/>
  <system-out>
    <![CDATA[--running test case1--]]>
  </system-out>
  <testcase classname="TestNg.keyword1_Invocationcount_3" name="TC1" time="0.002"/>
  <system-out>
    <![CDATA[--running test case1--]]>
  </system-out>
  <testcase classname="TestNg.keyword1_Invocationcount_3" name="TC1" time="0.005"/>
  <system-out>
    <![CDATA[--running test case1--]]>
  </system-out>
</testsuite> <!-- TestNg.keyword1_Invocationcount_3 -->
