<?xml version="1.0" encoding="UTF-8"?>
<!-- Generated by org.testng.reporters.JUnitReportReporter -->
<testsuite hostname="Saurabh-11" failures="0" tests="1" name="TestNg_1.example10_grouping_3" time="0.019" errors="0" timestamp="2023-01-22T09:15:40 IST" skipped="0">
  <testcase classname="TestNg_1.example10_grouping_3" name="TC4" time="0.019"/>
  <system-out>
    <![CDATA[--running TC4--]]>
  </system-out>
</testsuite> <!-- TestNg_1.example10_grouping_3 -->
