<?xml version="1.0" encoding="UTF-8"?>
<!-- Generated by org.testng.reporters.JUnitReportReporter -->
<testsuite hostname="Saurabh-11" failures="0" tests="3" name="TestNg.keyword3_Eanbled_2" time="0.023" errors="0" timestamp="2023-01-18T12:21:33 IST" skipped="1">
  <testcase classname="TestNg.keyword3_Eanbled_2" name="TC3" time="0.021"/>
  <system-out>
    <![CDATA[Running test case-3--]]>
  </system-out>
  <testcase classname="TestNg.keyword3_Eanbled_2" name="TC1" time="0.002"/>
  <system-out>
    <![CDATA[--running test case-1--]]>
  </system-out>
  <testcase classname="TestNg.keyword3_Eanbled_2" name="TC2">
    <skipped/>
  </testcase> <!-- TC2 -->
  <system-out/>
</testsuite> <!-- TestNg.keyword3_Eanbled_2 -->
