<?xml version="1.0" encoding="UTF-8"?>
<!-- Generated by org.testng.reporters.JUnitReportReporter -->
<testsuite hostname="Saurabh-11" failures="0" tests="3" name="TestNg.keyword2_priority3" time="0.018" errors="0" timestamp="2023-01-22T18:25:41 IST" skipped="0">
  <testcase classname="TestNg.keyword2_priority3" name="TC3" time="0.013"/>
  <system-out>
    <![CDATA[--ruuning test case3--]]>
  </system-out>
  <testcase classname="TestNg.keyword2_priority3" name="TC2" time="0.002"/>
  <system-out>
    <![CDATA[--running test case2--]]>
  </system-out>
  <testcase classname="TestNg.keyword2_priority3" name="TC1" time="0.003"/>
  <system-out>
    <![CDATA[--running test case1--]]>
  </system-out>
</testsuite> <!-- TestNg.keyword2_priority3 -->
