<?xml version="1.0" encoding="UTF-8"?>
<!-- Generated by org.testng.reporters.JUnitReportReporter -->
<testsuite hostname="Saurabh-11" failures="0" tests="2" name="TestNg_1.example8_sample1_2" time="0.015" errors="0" timestamp="2023-01-20T11:08:35 IST" skipped="0">
  <testcase classname="TestNg_1.example8_sample1_2" name="TC2" time="0.013"/>
  <system-out>
    <![CDATA[--running test case-2--]]>
  </system-out>
  <testcase classname="TestNg_1.example8_sample1_2" name="TC3" time="0.002"/>
  <system-out>
    <![CDATA[--running test case-3--]]>
  </system-out>
</testsuite> <!-- TestNg_1.example8_sample1_2 -->
