<?xml version="1.0" encoding="UTF-8"?>
<!-- Generated by org.testng.reporters.JUnitReportReporter -->
<testsuite hostname="Saurabh-11" failures="0" tests="4" name="TestNg_1.example8_sample1_4" time="0.026" errors="0" timestamp="2023-01-20T11:21:17 IST" skipped="0">
  <testcase classname="TestNg_1.example8_sample1_4" name="TC2" time="0.002"/>
  <system-out>
    <![CDATA[--running TC2--]]>
  </system-out>
  <testcase classname="TestNg_1.example8_sample1_4" name="TC4" time="0.004"/>
  <system-out>
    <![CDATA[--running TC4--]]>
  </system-out>
  <testcase classname="TestNg_1.example8_sample1_4" name="TC1" time="0.016"/>
  <system-out>
    <![CDATA[--running TC1--]]>
  </system-out>
  <testcase classname="TestNg_1.example8_sample1_4" name="TC5" time="0.004"/>
  <system-out>
    <![CDATA[--running TC5--]]>
  </system-out>
</testsuite> <!-- TestNg_1.example8_sample1_4 -->
