<?xml version="1.0" encoding="UTF-8"?>
<!-- Generated by org.testng.reporters.JUnitReportReporter -->
<testsuite hostname="Saurabh-11" failures="0" tests="3" name="TestNg.example6_sample_1" time="0.039" errors="0" timestamp="2023-02-01T23:20:14 IST" skipped="0">
  <testcase classname="TestNg.example6_sample_1" name="TC2" time="0.003"/>
  <system-out>
    <![CDATA[--running tc-2--]]>
  </system-out>
  <testcase classname="TestNg.example6_sample_1" name="TC3" time="0.009"/>
  <system-out>
    <![CDATA[--running tc-3--]]>
  </system-out>
  <testcase classname="TestNg.example6_sample_1" name="TC1" time="0.027"/>
  <system-out>
    <![CDATA[--running tc-1]]>
  </system-out>
</testsuite> <!-- TestNg.example6_sample_1 -->
