<?xml version="1.0" encoding="UTF-8"?>
<!-- Generated by org.testng.reporters.JUnitReportReporter -->
<testsuite hostname="Saurabh-11" failures="0" tests="4" name="TestNg.Annotations_4" time="0.030" errors="0" timestamp="2023-01-18T10:20:43 IST" skipped="0">
  <testcase classname="TestNg.Annotations_4" name="verifylogo1" time="0.011"/>
  <system-out>
    <![CDATA[--running test case1--]]>
  </system-out>
  <testcase classname="TestNg.Annotations_4" name="clickcart" time="0.006"/>
  <system-out>
    <![CDATA[-click on cart btn--]]>
  </system-out>
  <testcase classname="TestNg.Annotations_4" name="clickcart" time="0.007"/>
  <system-out>
    <![CDATA[-click on cart btn--]]>
  </system-out>
  <testcase classname="TestNg.Annotations_4" name="verifylogo2" time="0.006"/>
  <system-out>
    <![CDATA[--running test case2--]]>
  </system-out>
</testsuite> <!-- TestNg.Annotations_4 -->
