<?xml version="1.0" encoding="UTF-8"?>
<!-- Generated by org.testng.reporters.JUnitReportReporter -->
<testsuite hostname="Saurabh-11" failures="0" tests="2" name="TestNg.keyword5_dependsOnMethod1_1" time="0.015" errors="0" timestamp="2023-01-18T12:39:02 IST" skipped="0">
  <testcase classname="TestNg.keyword5_dependsOnMethod1_1" name="logout" time="0.002"/>
  <system-out>
    <![CDATA[--running logout TC--]]>
  </system-out>
  <testcase classname="TestNg.keyword5_dependsOnMethod1_1" name="login" time="0.013"/>
  <system-out>
    <![CDATA[--running login TC--]]>
  </system-out>
</testsuite> <!-- TestNg.keyword5_dependsOnMethod1_1 -->
