<?xml version="1.0" encoding="UTF-8"?>
<!-- Generated by org.testng.reporters.JUnitReportReporter -->
<testsuite hostname="Saurabh-11" failures="0" tests="2" name="POM_DDF_TestNg.SwagLabLoginTest_6" time="22.352" errors="0" timestamp="2023-01-25T14:47:33 IST" skipped="0">
  <testcase classname="POM_DDF_TestNg.SwagLabLoginTest_6" name="verifylogo" time="10.064"/>
  <system-out/>
  <testcase classname="POM_DDF_TestNg.SwagLabLoginTest_6" name="getremovetext" time="12.288"/>
  <system-out/>
</testsuite> <!-- POM_DDF_TestNg.SwagLabLoginTest_6 -->
