<?xml version="1.0" encoding="UTF-8"?>
<!-- Generated by org.testng.reporters.JUnitReportReporter -->
<testsuite hostname="Saurabh-11" failures="0" tests="2" name="POM_DDF_TestNg.SwagLabLoginTest_4" time="28.156" errors="0" timestamp="2023-01-25T11:31:06 IST" skipped="0">
  <testcase classname="POM_DDF_TestNg.SwagLabLoginTest_4" name="verifylogo" time="12.778"/>
  <system-out/>
  <testcase classname="POM_DDF_TestNg.SwagLabLoginTest_4" name="verifyremovebtn" time="15.378"/>
  <system-out/>
</testsuite> <!-- POM_DDF_TestNg.SwagLabLoginTest_4 -->
