<?xml version="1.0" encoding="UTF-8"?>
<!-- Generated by org.testng.reporters.JUnitReportReporter -->
<testsuite hostname="Saurabh-11" failures="0" tests="1" name="TestNg_2.MultibrowserTesting_5" time="13.336" errors="0" timestamp="2023-01-24T20:45:31 IST" skipped="0">
  <testcase classname="TestNg_2.MultibrowserTesting_5" name="TC" time="13.336"/>
  <system-out/>
</testsuite> <!-- TestNg_2.MultibrowserTesting_5 -->
