<?xml version="1.0" encoding="UTF-8"?>
<!-- Generated by org.testng.reporters.JUnitReportReporter -->
<testsuite hostname="Saurabh-11" failures="0" tests="2" name="POM_DDF_TestNG_BaseClass_UtilityClass_PropertyFile.SwagLabLoginTest_2" time="25.273" errors="0" timestamp="2023-01-28T00:31:22 IST" skipped="0">
  <testcase classname="POM_DDF_TestNG_BaseClass_UtilityClass_PropertyFile.SwagLabLoginTest_2" name="verifylogo" time="10.815"/>
  <system-out/>
  <testcase classname="POM_DDF_TestNG_BaseClass_UtilityClass_PropertyFile.SwagLabLoginTest_2" name="getremovetext" time="14.458"/>
  <system-out/>
</testsuite> <!-- POM_DDF_TestNG_BaseClass_UtilityClass_PropertyFile.SwagLabLoginTest_2 -->
