<?xml version="1.0" encoding="UTF-8"?>
<!-- Generated by org.testng.reporters.JUnitReportReporter -->
<testsuite hostname="Saurabh-11" failures="0" tests="2" name="POM_DDF_TestNG_BaseClass_UtilityClass_captureSS.SwagLabLoginTest_2" time="32.265" errors="0" timestamp="2023-01-27T09:33:01 IST" skipped="0">
  <testcase classname="POM_DDF_TestNG_BaseClass_UtilityClass_captureSS.SwagLabLoginTest_2" name="verifylogo" time="20.793"/>
  <system-out/>
  <testcase classname="POM_DDF_TestNG_BaseClass_UtilityClass_captureSS.SwagLabLoginTest_2" name="getremovetext" time="11.472"/>
  <system-out/>
</testsuite> <!-- POM_DDF_TestNG_BaseClass_UtilityClass_captureSS.SwagLabLoginTest_2 -->
