<?xml version="1.0" encoding="UTF-8"?>
<!-- Generated by org.testng.reporters.JUnitReportReporter -->
<testsuite hostname="Saurabh-11" failures="0" tests="3" name="TestNg.example6_sample_2" time="0.046" errors="0" timestamp="2023-02-01T23:20:14 IST" skipped="0">
  <testcase classname="TestNg.example6_sample_2" name="TC4" time="0.027"/>
  <system-out>
    <![CDATA[--running TC-4]]>
  </system-out>
  <testcase classname="TestNg.example6_sample_2" name="TC5" time="0.017"/>
  <system-out>
    <![CDATA[--running TC-5]]>
  </system-out>
  <testcase classname="TestNg.example6_sample_2" name="TC6" time="0.002"/>
  <system-out>
    <![CDATA[--running TC-6]]>
  </system-out>
</testsuite> <!-- TestNg.example6_sample_2 -->
