<?xml version="1.0" encoding="UTF-8"?>
<!-- Generated by org.testng.reporters.JUnitReportReporter -->
<testsuite hostname="Saurabh-11" failures="0" tests="3" name="TestNg.keyword5_dependsOnMethod2_3" time="0.017" errors="0" timestamp="2023-01-22T18:42:14 IST" skipped="0">
  <testcase classname="TestNg.keyword5_dependsOnMethod2_3" name="logout" time="0.002"/>
  <system-out>
    <![CDATA[--logout from browser--]]>
  </system-out>
  <testcase classname="TestNg.keyword5_dependsOnMethod2_3" name="login1" time="0.013"/>
  <system-out>
    <![CDATA[--login to browser1--]]>
  </system-out>
  <testcase classname="TestNg.keyword5_dependsOnMethod2_3" name="login2" time="0.002"/>
  <system-out>
    <![CDATA[--login to browser2--]]>
  </system-out>
</testsuite> <!-- TestNg.keyword5_dependsOnMethod2_3 -->
