<?xml version="1.0" encoding="UTF-8"?>
<!-- Generated by org.testng.reporters.JUnitReportReporter -->
<testsuite hostname="Saurabh-11" failures="0" tests="8" name="TestNg.keyword1_Invocationcount_2" time="0.040" errors="0" timestamp="2023-02-02T23:21:07 IST" skipped="0">
  <testcase classname="TestNg.keyword1_Invocationcount_2" name="TC1" time="0.003"/>
  <system-out>
    <![CDATA[Running TC1]]>
  </system-out>
  <testcase classname="TestNg.keyword1_Invocationcount_2" name="TC1" time="0.003"/>
  <system-out>
    <![CDATA[Running TC1]]>
  </system-out>
  <testcase classname="TestNg.keyword1_Invocationcount_2" name="TC1" time="0.003"/>
  <system-out>
    <![CDATA[Running TC1]]>
  </system-out>
  <testcase classname="TestNg.keyword1_Invocationcount_2" name="TC1" time="0.005"/>
  <system-out>
    <![CDATA[Running TC1]]>
  </system-out>
  <testcase classname="TestNg.keyword1_Invocationcount_2" name="TC1" time="0.016"/>
  <system-out>
    <![CDATA[Running TC1]]>
  </system-out>
  <testcase classname="TestNg.keyword1_Invocationcount_2" name="TC2" time="0.006"/>
  <system-out>
    <![CDATA[Runing TC2]]>
  </system-out>
  <testcase classname="TestNg.keyword1_Invocationcount_2" name="TC2" time="0.003"/>
  <system-out>
    <![CDATA[Runing TC2]]>
  </system-out>
  <testcase classname="TestNg.keyword1_Invocationcount_2" name="TC2" time="0.001"/>
  <system-out>
    <![CDATA[Runing TC2]]>
  </system-out>
</testsuite> <!-- TestNg.keyword1_Invocationcount_2 -->
