<?xml version="1.0" encoding="UTF-8"?>
<!-- Generated by org.testng.reporters.JUnitReportReporter -->
<testsuite hostname="Saurabh-11" failures="0" tests="5" name="TestNg.keyword2_priority2_3" time="0.032" errors="0" timestamp="2023-01-22T18:32:42 IST" skipped="0">
  <testcase classname="TestNg.keyword2_priority2_3" name="TC2" time="0.018"/>
  <system-out>
    <![CDATA[--running test case2--]]>
  </system-out>
  <testcase classname="TestNg.keyword2_priority2_3" name="TC3" time="0.005"/>
  <system-out>
    <![CDATA[--running test case3--]]>
  </system-out>
  <testcase classname="TestNg.keyword2_priority2_3" name="TC5" time="0.003"/>
  <system-out>
    <![CDATA[--running test case5--]]>
  </system-out>
  <testcase classname="TestNg.keyword2_priority2_3" name="TC1" time="0.003"/>
  <system-out>
    <![CDATA[--running test case1--]]>
  </system-out>
  <testcase classname="TestNg.keyword2_priority2_3" name="TC4" time="0.003"/>
  <system-out>
    <![CDATA[--running test case4--]]>
  </system-out>
</testsuite> <!-- TestNg.keyword2_priority2_3 -->
