<?xml version="1.0" encoding="UTF-8"?>
<!-- Generated by org.testng.reporters.JUnitReportReporter -->
<testsuite hostname="Saurabh-11" failures="0" tests="3" name="TestNg.keyword5_dependsOnMethod2_4" time="0.028" errors="0" timestamp="2023-02-02T23:26:12 IST" skipped="0">
  <testcase classname="TestNg.keyword5_dependsOnMethod2_4" name="logout" time="0.002"/>
  <system-out>
    <![CDATA[logout from app]]>
  </system-out>
  <testcase classname="TestNg.keyword5_dependsOnMethod2_4" name="login2" time="0.008"/>
  <system-out>
    <![CDATA[login to app]]>
  </system-out>
  <testcase classname="TestNg.keyword5_dependsOnMethod2_4" name="login1" time="0.018"/>
  <system-out>
    <![CDATA[login to app]]>
  </system-out>
</testsuite> <!-- TestNg.keyword5_dependsOnMethod2_4 -->
