<?xml version="1.0" encoding="UTF-8"?>
<!-- Generated by org.testng.reporters.JUnitReportReporter -->
<testsuite hostname="Saurabh-11" failures="0" tests="6" name="TestNg.keyword2_priority2_4" time="0.032" errors="0" timestamp="2023-02-02T23:31:41 IST" skipped="0">
  <testcase classname="TestNg.keyword2_priority2_4" name="TC2" time="0.016"/>
  <system-out>
    <![CDATA[Running TC2]]>
  </system-out>
  <testcase classname="TestNg.keyword2_priority2_4" name="TC5" time="0.002"/>
  <system-out>
    <![CDATA[Running TC5]]>
  </system-out>
  <testcase classname="TestNg.keyword2_priority2_4" name="TC4" time="0.004"/>
  <system-out>
    <![CDATA[Running TC4]]>
  </system-out>
  <testcase classname="TestNg.keyword2_priority2_4" name="TC1" time="0.002"/>
  <system-out>
    <![CDATA[Running TC1]]>
  </system-out>
  <testcase classname="TestNg.keyword2_priority2_4" name="TC6" time="0.003"/>
  <system-out>
    <![CDATA[Running TC6]]>
  </system-out>
  <testcase classname="TestNg.keyword2_priority2_4" name="TC3" time="0.005"/>
  <system-out>
    <![CDATA[Running TC3]]>
  </system-out>
</testsuite> <!-- TestNg.keyword2_priority2_4 -->
