<?xml version="1.0" encoding="UTF-8"?>
<!-- Generated by org.testng.reporters.JUnitReportReporter -->
<testsuite hostname="Saurabh-11" failures="0" tests="5" name="TestNg.keyword2_priority2_2" time="0.028" errors="0" timestamp="2023-01-18T11:05:01 IST" skipped="0">
  <testcase classname="TestNg.keyword2_priority2_2" name="TC4" time="0.015"/>
  <system-out>
    <![CDATA[--Running Test case4--]]>
  </system-out>
  <testcase classname="TestNg.keyword2_priority2_2" name="TC3" time="0.002"/>
  <system-out>
    <![CDATA[--Running Test case3--]]>
  </system-out>
  <testcase classname="TestNg.keyword2_priority2_2" name="TC1" time="0.003"/>
  <system-out>
    <![CDATA[--Running Test case1--]]>
  </system-out>
  <testcase classname="TestNg.keyword2_priority2_2" name="TC2" time="0.005"/>
  <system-out>
    <![CDATA[--Running Test case2--]]>
  </system-out>
  <testcase classname="TestNg.keyword2_priority2_2" name="TC5" time="0.003"/>
  <system-out>
    <![CDATA[--Running Test case5--]]>
  </system-out>
</testsuite> <!-- TestNg.keyword2_priority2_2 -->
