<?xml version="1.0" encoding="UTF-8"?>
<!-- Generated by org.testng.reporters.JUnitReportReporter -->
<testsuite hostname="Saurabh-11" failures="0" tests="3" name="TestNg_1.example9_demo2" time="0.024" errors="0" timestamp="2023-01-20T11:41:13 IST" skipped="0">
  <testcase classname="TestNg_1.example9_demo2" name="TC5" time="0.006"/>
  <system-out>
    <![CDATA[--running TC5--]]>
  </system-out>
  <testcase classname="TestNg_1.example9_demo2" name="TC4" time="0.015"/>
  <system-out>
    <![CDATA[--running TC4--]]>
  </system-out>
  <testcase classname="TestNg_1.example9_demo2" name="TC6" time="0.003"/>
  <system-out>
    <![CDATA[--running TC6--]]>
  </system-out>
</testsuite> <!-- TestNg_1.example9_demo2 -->
