<?xml version="1.0" encoding="UTF-8"?>
<!-- Generated by org.testng.reporters.JUnitReportReporter -->
<testsuite hostname="Saurabh-11" failures="0" tests="3" name="TestNg.EmailableReport_3" time="0.028" errors="0" timestamp="2023-02-02T23:08:50 IST" skipped="0">
  <testcase classname="TestNg.EmailableReport_3" name="TC3" time="0.008"/>
  <system-out>
    <![CDATA[Running TC3]]>
  </system-out>
  <testcase classname="TestNg.EmailableReport_3" name="TC2" time="0.003"/>
  <system-out>
    <![CDATA[Running TC2]]>
  </system-out>
  <testcase classname="TestNg.EmailableReport_3" name="TC1" time="0.017"/>
  <system-out>
    <![CDATA[Running TC1]]>
  </system-out>
</testsuite> <!-- TestNg.EmailableReport_3 -->
