<?xml version="1.0" encoding="UTF-8"?>
<!-- Generated by org.testng.reporters.JUnitReportReporter -->
<testsuite hostname="Saurabh-11" failures="0" tests="2" name="POM_DDF_TestNG_BaseClass_UtilityClass_captureSS.SwagLabLoginTest_1" time="22.959" errors="0" timestamp="2023-01-27T01:40:20 IST" skipped="0">
  <testcase classname="POM_DDF_TestNG_BaseClass_UtilityClass_captureSS.SwagLabLoginTest_1" name="verifylogo" time="11.839"/>
  <system-out/>
  <testcase classname="POM_DDF_TestNG_BaseClass_UtilityClass_captureSS.SwagLabLoginTest_1" name="getremovetext" time="11.120"/>
  <system-out/>
</testsuite> <!-- POM_DDF_TestNG_BaseClass_UtilityClass_captureSS.SwagLabLoginTest_1 -->
