<?xml version="1.0" encoding="UTF-8"?>
<!-- Generated by org.testng.reporters.JUnitReportReporter -->
<testsuite hostname="Saurabh-11" failures="0" tests="2" name="POM_DDF_TestNG_BaseClass_UtilityClass.SwagLabLoginTest_2" time="34.441" errors="0" timestamp="2023-01-27T00:13:40 IST" skipped="0">
  <testcase classname="POM_DDF_TestNG_BaseClass_UtilityClass.SwagLabLoginTest_2" name="getremovetext" time="23.346"/>
  <system-out/>
  <testcase classname="POM_DDF_TestNG_BaseClass_UtilityClass.SwagLabLoginTest_2" name="verifylogo" time="11.095"/>
  <system-out/>
</testsuite> <!-- POM_DDF_TestNG_BaseClass_UtilityClass.SwagLabLoginTest_2 -->
