<?xml version="1.0" encoding="UTF-8"?>
<!-- Generated by org.testng.reporters.JUnitReportReporter -->
<testsuite hostname="Saurabh-11" failures="0" tests="1" name="TestNg_1.parallel_1" time="32.425" errors="0" timestamp="2023-01-24T12:09:33 IST" skipped="0">
  <testcase classname="TestNg_1.parallel_1" name="openfacebook" time="32.425"/>
  <system-out/>
</testsuite> <!-- TestNg_1.parallel_1 -->
