<?xml version="1.0" encoding="UTF-8"?>
<!-- Generated by org.testng.reporters.JUnitReportReporter -->
<testsuite hostname="Saurabh-11" failures="0" tests="2" name="TestNg.Annotations_3" time="0.013" errors="0" timestamp="2023-01-18T10:02:22 IST" skipped="0">
  <testcase classname="TestNg.Annotations_3" name="verifylogo1" time="0.009"/>
  <system-out>
    <![CDATA[--running test case1--]]>
  </system-out>
  <testcase classname="TestNg.Annotations_3" name="verifylogo2" time="0.004"/>
  <system-out>
    <![CDATA[--runnig test case2--]]>
  </system-out>
</testsuite> <!-- TestNg.Annotations_3 -->
