<?xml version="1.0" encoding="UTF-8"?>
<!-- Generated by org.testng.reporters.JUnitReportReporter -->
<testsuite hostname="Saurabh-11" failures="0" tests="3" name="TestNg.keyword3_Eanbled_4" time="0.018" errors="0" timestamp="2023-01-22T18:36:04 IST" skipped="1">
  <testcase classname="TestNg.keyword3_Eanbled_4" name="TC2" time="0.002"/>
  <system-out>
    <![CDATA[--running test case2--]]>
  </system-out>
  <testcase classname="TestNg.keyword3_Eanbled_4" name="TC1" time="0.016"/>
  <system-out>
    <![CDATA[--running test case1--]]>
  </system-out>
  <testcase classname="TestNg.keyword3_Eanbled_4" name="TC3">
    <skipped/>
  </testcase> <!-- TC3 -->
  <system-out/>
</testsuite> <!-- TestNg.keyword3_Eanbled_4 -->
