<?xml version="1.0" encoding="UTF-8"?>
<!-- Generated by org.testng.reporters.JUnitReportReporter -->
<testsuite hostname="Saurabh-11" failures="0" tests="2" name="POM_DDF_TestNg.SwagLabLoginTest_3" time="23.569" errors="0" timestamp="2023-01-25T10:33:37 IST" skipped="0">
  <testcase classname="POM_DDF_TestNg.SwagLabLoginTest_3" name="verifylogo" time="13.680"/>
  <system-out/>
  <testcase classname="POM_DDF_TestNg.SwagLabLoginTest_3" name="verifyremovebtn" time="9.889"/>
  <system-out/>
</testsuite> <!-- POM_DDF_TestNg.SwagLabLoginTest_3 -->
