<?xml version="1.0" encoding="UTF-8"?>
<!-- Generated by org.testng.reporters.JUnitReportReporter -->
<testsuite hostname="Saurabh-11" failures="0" tests="3" name="TestNg_1.example8_DisableTCExecutionFrom_TestClass_1" time="0.017" errors="0" timestamp="2023-01-20T10:32:55 IST" skipped="1">
  <testcase classname="TestNg_1.example8_DisableTCExecutionFrom_TestClass_1" name="TC2" time="0.004"/>
  <system-out>
    <![CDATA[--running test case-2--]]>
  </system-out>
  <testcase classname="TestNg_1.example8_DisableTCExecutionFrom_TestClass_1" name="TC1" time="0.013"/>
  <system-out>
    <![CDATA[--running test case-1--]]>
  </system-out>
  <testcase classname="TestNg_1.example8_DisableTCExecutionFrom_TestClass_1" name="TC3">
    <skipped/>
  </testcase> <!-- TC3 -->
  <system-out/>
</testsuite> <!-- TestNg_1.example8_DisableTCExecutionFrom_TestClass_1 -->
