<?xml version="1.0" encoding="UTF-8"?>
<!-- Generated by org.testng.reporters.JUnitReportReporter -->
<testsuite hostname="Saurabh-11" failures="0" tests="3" name="POM_DDF_TestNG_BaseClass_UtilityClass_PropertyFile.SwagLabLoginTest_1" time="23.546" errors="0" timestamp="2023-01-27T15:09:27 IST" skipped="0">
  <testcase classname="POM_DDF_TestNG_BaseClass_UtilityClass_PropertyFile.SwagLabLoginTest_1" name="takescreen" time="7.201"/>
  <system-out/>
  <testcase classname="POM_DDF_TestNG_BaseClass_UtilityClass_PropertyFile.SwagLabLoginTest_1" name="verifylogo" time="6.890"/>
  <system-out/>
  <testcase classname="POM_DDF_TestNG_BaseClass_UtilityClass_PropertyFile.SwagLabLoginTest_1" name="getremovetext" time="9.455"/>
  <system-out/>
</testsuite> <!-- POM_DDF_TestNG_BaseClass_UtilityClass_PropertyFile.SwagLabLoginTest_1 -->
