<?xml version="1.0" encoding="UTF-8"?>
<!-- Generated by org.testng.reporters.JUnitReportReporter -->
<testsuite hostname="Saurabh-11" failures="0" tests="5" name="TestNg.keyword2_priority2_1" time="0.030" errors="0" timestamp="2023-01-18T10:56:23 IST" skipped="0">
  <testcase classname="TestNg.keyword2_priority2_1" name="TC4" time="0.016"/>
  <system-out>
    <![CDATA[--running test case4--]]>
  </system-out>
  <testcase classname="TestNg.keyword2_priority2_1" name="TC3" time="0.002"/>
  <system-out>
    <![CDATA[--running test case3--]]>
  </system-out>
  <testcase classname="TestNg.keyword2_priority2_1" name="TC1" time="0.004"/>
  <system-out>
    <![CDATA[--running test case1--]]>
  </system-out>
  <testcase classname="TestNg.keyword2_priority2_1" name="TC2" time="0.004"/>
  <system-out>
    <![CDATA[--running test case2--]]>
  </system-out>
  <testcase classname="TestNg.keyword2_priority2_1" name="TC5" time="0.004"/>
  <system-out>
    <![CDATA[--running test case5--]]>
  </system-out>
</testsuite> <!-- TestNg.keyword2_priority2_1 -->
