<?xml version="1.0" encoding="UTF-8"?>
<!-- Generated by org.testng.reporters.JUnitReportReporter -->
<testsuite hostname="Saurabh-11" failures="0" tests="2" name="TestNg.Annotations_2" time="0.026" errors="0" timestamp="2023-02-02T23:17:18 IST" skipped="0">
  <testcase classname="TestNg.Annotations_2" name="clickoncart" time="0.023"/>
  <system-out>
    <![CDATA[click on cart button]]>
  </system-out>
  <testcase classname="TestNg.Annotations_2" name="verifylogo" time="0.003"/>
  <system-out>
    <![CDATA[verify logo]]>
  </system-out>
</testsuite> <!-- TestNg.Annotations_2 -->
