<?xml version="1.0" encoding="UTF-8"?>
<!-- Generated by org.testng.reporters.JUnitReportReporter -->
<testsuite hostname="Saurabh-11" failures="0" tests="2" name="POM_DDF_TestNg.SwagLabLoginTest_5" time="33.156" errors="0" timestamp="2023-01-25T12:24:24 IST" skipped="0">
  <testcase classname="POM_DDF_TestNg.SwagLabLoginTest_5" name="getremovetext" time="17.920"/>
  <system-out/>
  <testcase classname="POM_DDF_TestNg.SwagLabLoginTest_5" name="verifylogo" time="15.236"/>
  <system-out/>
</testsuite> <!-- POM_DDF_TestNg.SwagLabLoginTest_5 -->
