<?xml version="1.0" encoding="UTF-8"?>
<!-- Generated by org.testng.reporters.JUnitReportReporter -->
<testsuite hostname="Saurabh-11" failures="0" tests="2" name="TestNg.Annotations_1" time="0.049" errors="0" timestamp="2023-04-07T20:25:32 IST" skipped="0">
  <testcase classname="TestNg.Annotations_1" name="verifylogo" time="0.018"/>
  <system-out>
    <![CDATA[--running logo 1TC--]]>
  </system-out>
  <testcase classname="TestNg.Annotations_1" name="verifylogo2" time="0.031"/>
  <system-out>
    <![CDATA[--running test case TC2--]]>
  </system-out>
</testsuite> <!-- TestNg.Annotations_1 -->
