<?xml version="1.0" encoding="UTF-8"?>
<!-- Generated by org.testng.reporters.JUnitReportReporter -->
<testsuite hostname="Saurabh-11" failures="0" tests="1" name="Listbox.Demo_2" time="16.022" errors="0" timestamp="2023-01-16T17:14:46 IST" skipped="0">
  <testcase classname="Listbox.Demo_2" name="Select" time="16.022"/>
  <system-out/>
</testsuite> <!-- Listbox.Demo_2 -->
