<?xml version="1.0" encoding="UTF-8"?>
<!-- Generated by org.testng.reporters.JUnitReportReporter -->
<testsuite hostname="Saurabh-11" failures="0" tests="1" name="Print_All_Data_In_A_Row.Demo_2" time="1.942" errors="0" timestamp="2023-01-18T14:48:22 IST" skipped="0">
  <testcase classname="Print_All_Data_In_A_Row.Demo_2" name="Sheet" time="1.942"/>
  <system-out>
    <![CDATA[saurabh
shraddha
seema
janvi
rama
rupali]]>
  </system-out>
</testsuite> <!-- Print_All_Data_In_A_Row.Demo_2 -->
