<?xml version="1.0" encoding="UTF-8"?>
<!-- Generated by org.testng.reporters.JUnitReportReporter -->
<testsuite hostname="Saurabh-11" failures="0" tests="1" name="TestNg.TestNGTestClass_2" time="24.182" errors="0" timestamp="2023-01-13T23:41:48 IST" skipped="0">
  <testcase classname="TestNg.TestNGTestClass_2" name="TC1" time="24.182"/>
  <system-out/>
</testsuite> <!-- TestNg.TestNGTestClass_2 -->
