<?xml version="1.0" encoding="UTF-8"?>
<!-- Generated by org.testng.reporters.JUnitReportReporter -->
<testsuite hostname="Saurabh-11" failures="0" tests="2" name="TestNg.EmailableReport_1" time="0.023" errors="0" timestamp="2023-02-02T16:26:58 IST" skipped="0">
  <testcase classname="TestNg.EmailableReport_1" name="TC1" time="0.020"/>
  <system-out>
    <![CDATA[Running TC1]]>
  </system-out>
  <testcase classname="TestNg.EmailableReport_1" name="TC2" time="0.003"/>
  <system-out>
    <![CDATA[abc]]>
  </system-out>
</testsuite> <!-- TestNg.EmailableReport_1 -->
