<?xml version="1.0" encoding="UTF-8"?>
<!-- Generated by org.testng.reporters.JUnitReportReporter -->
<testsuite hostname="Saurabh-11" failures="0" tests="2" name="POM_DDF_TestNg.SwagLabLoginTest_2" time="29.780" errors="0" timestamp="2023-01-24T23:23:11 IST" skipped="0">
  <testcase classname="POM_DDF_TestNg.SwagLabLoginTest_2" name="verifylogo" time="13.636"/>
  <system-out/>
  <testcase classname="POM_DDF_TestNg.SwagLabLoginTest_2" name="verifylogoremove" time="16.144"/>
  <system-out/>
</testsuite> <!-- POM_DDF_TestNg.SwagLabLoginTest_2 -->
