<?xml version="1.0" encoding="UTF-8"?>
<!-- Generated by org.testng.reporters.JUnitReportReporter -->
<testsuite hostname="Saurabh-11" failures="0" tests="3" name="POM_DDF_TestNG_BaseClass_UtilityClass_captureSS.SwagLabLoginTest_3" time="32.123" errors="0" timestamp="2023-01-27T10:53:16 IST" skipped="0">
  <testcase classname="POM_DDF_TestNG_BaseClass_UtilityClass_captureSS.SwagLabLoginTest_3" name="verifylogo" time="6.024"/>
  <system-out/>
  <testcase classname="POM_DDF_TestNG_BaseClass_UtilityClass_captureSS.SwagLabLoginTest_3" name="getSS" time="18.880"/>
  <system-out/>
  <testcase classname="POM_DDF_TestNG_BaseClass_UtilityClass_captureSS.SwagLabLoginTest_3" name="getremovetext" time="7.219"/>
  <system-out/>
</testsuite> <!-- POM_DDF_TestNG_BaseClass_UtilityClass_captureSS.SwagLabLoginTest_3 -->
