<?xml version="1.0" encoding="UTF-8"?>
<!-- Generated by org.testng.reporters.JUnitReportReporter -->
<testsuite hostname="Saurabh-11" failures="0" tests="2" name="TestNg_1.example9_demo3" time="0.018" errors="0" timestamp="2023-01-20T11:41:31 IST" skipped="0">
  <testcase classname="TestNg_1.example9_demo3" name="TC3" time="0.016"/>
  <system-out>
    <![CDATA[--running TC3--]]>
  </system-out>
  <testcase classname="TestNg_1.example9_demo3" name="TC4" time="0.002"/>
  <system-out>
    <![CDATA[--running TC4--]]>
  </system-out>
</testsuite> <!-- TestNg_1.example9_demo3 -->
