<?xml version="1.0" encoding="UTF-8"?>
<!-- Generated by org.testng.reporters.JUnitReportReporter -->
<testsuite hostname="Saurabh-11" failures="0" tests="1" name="TestNg.TestNGTestClass_3" time="31.604" errors="0" timestamp="2023-01-16T15:19:57 IST" skipped="0">
  <testcase classname="TestNg.TestNGTestClass_3" name="TC1" time="31.604"/>
  <system-out/>
</testsuite> <!-- TestNg.TestNGTestClass_3 -->
