<?xml version="1.0" encoding="UTF-8"?>
<!-- Generated by org.testng.reporters.JUnitReportReporter -->
<testsuite hostname="Saurabh-11" failures="0" tests="1" name="TestNg.TestNGTestClass_1" time="40.178" errors="0" timestamp="2023-01-13T23:35:08 IST" skipped="0">
  <testcase classname="TestNg.TestNGTestClass_1" name="TC1" time="40.178"/>
  <system-out/>
</testsuite> <!-- TestNg.TestNGTestClass_1 -->
