<?xml version="1.0" encoding="UTF-8"?>
<!-- Generated by org.testng.reporters.JUnitReportReporter -->
<testsuite hostname="Saurabh-11" failures="0" tests="1" name="POM_With_DDF.SwagLabLoginTest_4" time="35.875" errors="0" timestamp="2023-01-15T09:48:07 IST" skipped="0">
  <testcase classname="POM_With_DDF.SwagLabLoginTest_4" name="DDF_With_POM" time="35.875"/>
  <system-out>
    <![CDATA[logo present -->test case pass
remove present -->test case pass]]>
  </system-out>
</testsuite> <!-- POM_With_DDF.SwagLabLoginTest_4 -->
