<?xml version="1.0" encoding="UTF-8"?>
<!-- Generated by org.testng.reporters.JUnitReportReporter -->
<testsuite hostname="Saurabh-11" failures="0" tests="1" name="TestNg_1.example8_sample1_1" time="0.015" errors="0" timestamp="2023-01-20T10:55:12 IST" skipped="0">
  <testcase classname="TestNg_1.example8_sample1_1" name="TC3" time="0.015"/>
  <system-out>
    <![CDATA[--running test case-3--]]>
  </system-out>
</testsuite> <!-- TestNg_1.example8_sample1_1 -->
