<?xml version="1.0" encoding="UTF-8"?>
<!-- Generated by org.testng.reporters.JUnitReportReporter -->
<testsuite hostname="Saurabh-11" failures="0" tests="3" name="TestNg_1.example10_grouping_2" time="0.010" errors="0" timestamp="2023-01-22T08:53:49 IST" skipped="0">
  <testcase classname="TestNg_1.example10_grouping_2" name="TC3" time="0.006"/>
  <system-out>
    <![CDATA[--running TC3--]]>
  </system-out>
  <testcase classname="TestNg_1.example10_grouping_2" name="TC1" time="0.002"/>
  <system-out>
    <![CDATA[--running TC1--]]>
  </system-out>
  <testcase classname="TestNg_1.example10_grouping_2" name="TC2" time="0.002"/>
  <system-out>
    <![CDATA[--running TC2--]]>
  </system-out>
</testsuite> <!-- TestNg_1.example10_grouping_2 -->
