<?xml version="1.0" encoding="UTF-8"?>
<!-- Generated by org.testng.reporters.JUnitReportReporter -->
<testsuite hostname="Saurabh-11" failures="0" tests="1" name="TestNg.example7_AssertClass1_assertEquals_2" time="0.017" errors="0" timestamp="2023-01-19T10:45:31 IST" skipped="0">
  <testcase classname="TestNg.example7_AssertClass1_assertEquals_2" name="TC1" time="0.017"/>
  <system-out/>
</testsuite> <!-- TestNg.example7_AssertClass1_assertEquals_2 -->
