<?xml version="1.0" encoding="UTF-8"?>
<!-- Generated by org.testng.reporters.JUnitReportReporter -->
<testsuite hostname="Saurabh-11" failures="0" tests="3" name="TestNg.keyword5_dependsOnMethod2_2" time="0.020" errors="0" timestamp="2023-01-18T12:55:02 IST" skipped="0">
  <testcase classname="TestNg.keyword5_dependsOnMethod2_2" name="logout" time="0.004"/>
  <system-out>
    <![CDATA[--running logout--]]>
  </system-out>
  <testcase classname="TestNg.keyword5_dependsOnMethod2_2" name="login2" time="0.003"/>
  <system-out>
    <![CDATA[--running login2--]]>
  </system-out>
  <testcase classname="TestNg.keyword5_dependsOnMethod2_2" name="login1" time="0.013"/>
  <system-out>
    <![CDATA[--running login1--]]>
  </system-out>
</testsuite> <!-- TestNg.keyword5_dependsOnMethod2_2 -->
