<?xml version="1.0" encoding="UTF-8"?>
<!-- Generated by org.testng.reporters.JUnitReportReporter -->
<testsuite hostname="Saurabh-11" failures="0" tests="1" name="Screenshot.Vadilal" time="68.780" errors="0" timestamp="2023-01-16T15:15:17 IST" skipped="0">
  <testcase classname="Screenshot.Vadilal" name="Screen" time="68.780"/>
  <system-out>
    <![CDATA[source]]>
  </system-out>
</testsuite> <!-- Screenshot.Vadilal -->
