<?xml version="1.0" encoding="UTF-8"?>
<!-- Generated by org.testng.reporters.JUnitReportReporter -->
<testsuite hostname="Saurabh-11" failures="0" tests="2" name="POM_DDF_TestNg.SwagLabLoginTest_1" time="34.297" errors="0" timestamp="2023-01-24T22:25:15 IST" skipped="0">
  <testcase classname="POM_DDF_TestNg.SwagLabLoginTest_1" name="Verifylogo" time="16.313"/>
  <system-out/>
  <testcase classname="POM_DDF_TestNg.SwagLabLoginTest_1" name="verifylogoremove" time="17.984"/>
  <system-out/>
</testsuite> <!-- POM_DDF_TestNg.SwagLabLoginTest_1 -->
