<?xml version="1.0" encoding="UTF-8"?>
<!-- Generated by org.testng.reporters.JUnitReportReporter -->
<testsuite hostname="Saurabh-11" failures="0" tests="2" name="POM_DDF_TestNG_BaseClass_UtilityClass_PropertyFile.SwagLabLoginTest_3" time="33.409" errors="0" timestamp="2023-01-28T14:51:41 IST" skipped="0">
  <testcase classname="POM_DDF_TestNG_BaseClass_UtilityClass_PropertyFile.SwagLabLoginTest_3" name="verifylogo" time="8.612"/>
  <system-out/>
  <testcase classname="POM_DDF_TestNG_BaseClass_UtilityClass_PropertyFile.SwagLabLoginTest_3" name="getremovetext" time="24.797"/>
  <system-out/>
</testsuite> <!-- POM_DDF_TestNG_BaseClass_UtilityClass_PropertyFile.SwagLabLoginTest_3 -->
