<?xml version="1.0" encoding="UTF-8"?>
<!-- Generated by org.testng.reporters.JUnitReportReporter -->
<testsuite hostname="Saurabh-11" failures="0" tests="3" name="TestNg.keyword5_dependsOnMethod2_1" time="0.017" errors="0" timestamp="2023-01-18T12:46:43 IST" skipped="0">
  <testcase classname="TestNg.keyword5_dependsOnMethod2_1" name="login2" time="0.002"/>
  <system-out>
    <![CDATA[--running login-2--]]>
  </system-out>
  <testcase classname="TestNg.keyword5_dependsOnMethod2_1" name="logout" time="0.003"/>
  <system-out>
    <![CDATA[--running logout--]]>
  </system-out>
  <testcase classname="TestNg.keyword5_dependsOnMethod2_1" name="login1" time="0.012"/>
  <system-out>
    <![CDATA[--running login-1--]]>
  </system-out>
</testsuite> <!-- TestNg.keyword5_dependsOnMethod2_1 -->
