<?xml version="1.0" encoding="UTF-8"?>
<!-- Generated by org.testng.reporters.JUnitReportReporter -->
<testsuite hostname="Saurabh-11" failures="0" tests="3" name="TestNg_1.example10_grouping_7" time="0.020" errors="0" timestamp="2023-01-22T10:06:43 IST" skipped="0">
  <testcase classname="TestNg_1.example10_grouping_7" name="TC2" time="0.004"/>
  <system-out>
    <![CDATA[--running TC2--]]>
  </system-out>
  <testcase classname="TestNg_1.example10_grouping_7" name="TC4" time="0.003"/>
  <system-out>
    <![CDATA[--running TC4--]]>
  </system-out>
  <testcase classname="TestNg_1.example10_grouping_7" name="TC1" time="0.013"/>
  <system-out>
    <![CDATA[--running TC1--]]>
  </system-out>
</testsuite> <!-- TestNg_1.example10_grouping_7 -->
