<?xml version="1.0" encoding="UTF-8"?>
<!-- Generated by org.testng.reporters.JUnitReportReporter -->
<testsuite hostname="Saurabh-11" failures="0" tests="2" name="TestNg.keyword4_Timeout_1" time="7.059" errors="0" timestamp="2023-01-18T14:20:46 IST" skipped="0">
  <testcase classname="TestNg.keyword4_Timeout_1" name="TC2" time="3.021"/>
  <system-out>
    <![CDATA[--running test case2--]]>
  </system-out>
  <testcase classname="TestNg.keyword4_Timeout_1" name="TC1" time="4.038"/>
  <system-out>
    <![CDATA[--running test case1--]]>
  </system-out>
</testsuite> <!-- TestNg.keyword4_Timeout_1 -->
