<?xml version="1.0" encoding="UTF-8"?>
<!-- Generated by org.testng.reporters.JUnitReportReporter -->
<testsuite hostname="Saurabh-11" failures="0" tests="3" name="POM_DDF_TestNG_BaseClass_UtilityClass_captureSS.SwagLabLoginTest_4" time="28.673" errors="0" timestamp="2023-01-27T13:07:13 IST" skipped="0">
  <testcase classname="POM_DDF_TestNG_BaseClass_UtilityClass_captureSS.SwagLabLoginTest_4" name="verifylogo" time="9.168"/>
  <system-out/>
  <testcase classname="POM_DDF_TestNG_BaseClass_UtilityClass_captureSS.SwagLabLoginTest_4" name="getscreenshot" time="10.254"/>
  <system-out/>
  <testcase classname="POM_DDF_TestNG_BaseClass_UtilityClass_captureSS.SwagLabLoginTest_4" name="getremovetext" time="9.251"/>
  <system-out/>
</testsuite> <!-- POM_DDF_TestNG_BaseClass_UtilityClass_captureSS.SwagLabLoginTest_4 -->
