<?xml version="1.0" encoding="UTF-8"?>
<!-- Generated by org.testng.reporters.JUnitReportReporter -->
<testsuite hostname="Saurabh-11" failures="0" tests="2" name="TestNg.Annotations_6" time="0.011" errors="0" timestamp="2023-01-22T17:58:57 IST" skipped="0">
  <testcase classname="TestNg.Annotations_6" name="verifylogo" time="0.009"/>
  <system-out>
    <![CDATA[--verify logo--]]>
  </system-out>
  <testcase classname="TestNg.Annotations_6" name="click" time="0.002"/>
  <system-out>
    <![CDATA[--click on button--]]>
  </system-out>
</testsuite> <!-- TestNg.Annotations_6 -->
