<?xml version="1.0" encoding="UTF-8"?>
<!-- Generated by org.testng.reporters.JUnitReportReporter -->
<testsuite hostname="Saurabh-11" failures="0" tests="2" name="TestNg.keyword5_dependsOnMethod1_2" time="0.016" errors="0" timestamp="2023-01-18T12:42:09 IST" skipped="0">
  <testcase classname="TestNg.keyword5_dependsOnMethod1_2" name="logout" time="0.002"/>
  <system-out>
    <![CDATA[--running test case logout--]]>
  </system-out>
  <testcase classname="TestNg.keyword5_dependsOnMethod1_2" name="login" time="0.014"/>
  <system-out>
    <![CDATA[--running test case login--]]>
  </system-out>
</testsuite> <!-- TestNg.keyword5_dependsOnMethod1_2 -->
