<?xml version="1.0" encoding="UTF-8"?>
<!-- Generated by org.testng.reporters.JUnitReportReporter -->
<testsuite hostname="Saurabh-11" failures="0" tests="3" name="TestNg.keyword3_Eanbled_3" time="0.019" errors="0" timestamp="2023-01-18T14:34:02 IST" skipped="1">
  <testcase classname="TestNg.keyword3_Eanbled_3" name="TC2" time="0.004"/>
  <system-out>
    <![CDATA[--running TC-2--]]>
  </system-out>
  <testcase classname="TestNg.keyword3_Eanbled_3" name="TC1" time="0.015"/>
  <system-out>
    <![CDATA[--running TC-1--]]>
  </system-out>
  <testcase classname="TestNg.keyword3_Eanbled_3" name="TC3">
    <skipped/>
  </testcase> <!-- TC3 -->
  <system-out/>
</testsuite> <!-- TestNg.keyword3_Eanbled_3 -->
