<?xml version="1.0" encoding="UTF-8"?>
<!-- Generated by org.testng.reporters.JUnitReportReporter -->
<testsuite hostname="Saurabh-11" failures="0" tests="3" name="TestNg.keyword3_Eanbled_1" time="0.028" errors="0" timestamp="2023-01-18T14:17:13 IST" skipped="2">
  <testcase classname="TestNg.keyword3_Eanbled_1" name="TC1" time="0.028"/>
  <system-out>
    <![CDATA[--running test case-1--]]>
  </system-out>
  <testcase classname="TestNg.keyword3_Eanbled_1" name="TC2">
    <skipped/>
  </testcase> <!-- TC2 -->
  <system-out/>
  <testcase classname="TestNg.keyword3_Eanbled_1" name="TC3">
    <skipped/>
  </testcase> <!-- TC3 -->
  <system-out/>
</testsuite> <!-- TestNg.keyword3_Eanbled_1 -->
