<?xml version="1.0" encoding="UTF-8"?>
<!-- Generated by org.testng.reporters.JUnitReportReporter -->
<testsuite hostname="Saurabh-11" failures="0" tests="2" name="TestNg.keyword1_Invocationcount_1" time="0.027" errors="0" timestamp="2023-01-18T14:53:32 IST" skipped="0">
  <testcase classname="TestNg.keyword1_Invocationcount_1" name="testcase1" time="0.021"/>
  <system-out>
    <![CDATA[--running test case-1]]>
  </system-out>
  <testcase classname="TestNg.keyword1_Invocationcount_1" name="testcase1" time="0.006"/>
  <system-out>
    <![CDATA[--running test case-1]]>
  </system-out>
</testsuite> <!-- TestNg.keyword1_Invocationcount_1 -->
