<?xml version="1.0" encoding="UTF-8"?>
<!-- Generated by org.testng.reporters.JUnitReportReporter -->
<testsuite hostname="Saurabh-11" failures="0" tests="2" name="TestNg.Annotations_5" time="0.014" errors="0" timestamp="2023-01-22T17:51:36 IST" skipped="0">
  <testcase classname="TestNg.Annotations_5" name="verifylogo1" time="0.010"/>
  <system-out>
    <![CDATA[running verify logo]]>
  </system-out>
  <testcase classname="TestNg.Annotations_5" name="verifylogo2" time="0.004"/>
  <system-out>
    <![CDATA[running verify logo 2]]>
  </system-out>
</testsuite> <!-- TestNg.Annotations_5 -->
